C:\USERS\THOMAI\DOCUMENTS\MATLAB\SLAMTOOLBOX\EDLINESEXTRACTOR\BIN\LINEMATCHINGLIB.DIR\RELEASE\EDLINEDETECTOR.OBJ
C:\USERS\THOMAI\DOCUMENTS\MATLAB\SLAMTOOLBOX\EDLINESEXTRACTOR\BIN\LINEMATCHINGLIB.DIR\RELEASE\LINEDESCRIPTOR.OBJ
C:\USERS\THOMAI\DOCUMENTS\MATLAB\SLAMTOOLBOX\EDLINESEXTRACTOR\BIN\CMAKEFILES\GENERATE.STAMP
C:\Users\thomai\Documents\MATLAB\slamToolbox\EDLinesExtractor\bin\Release\LineMatchingLib.lib
C:\Users\thomai\Documents\MATLAB\slamToolbox\EDLinesExtractor\bin\Release\LineMatchingLib.exp
C:\USERS\THOMAI\DOCUMENTS\MATLAB\SLAMTOOLBOX\EDLINESEXTRACTOR\BIN\RELEASE\LINEMATCHINGLIB.DLL
C:\Users\thomai\Documents\MATLAB\slamToolbox\EDLinesExtractor\bin\LineMatchingLib.dir\Release\EDLineDetector.obj
C:\Users\thomai\Documents\MATLAB\slamToolbox\EDLinesExtractor\bin\LineMatchingLib.dir\Release\LineDescriptor.obj
C:\Users\thomai\Documents\MATLAB\slamToolbox\EDLinesExtractor\bin\LineMatchingLib.dir\Release\cl.command.1.tlog
C:\Users\thomai\Documents\MATLAB\slamToolbox\EDLinesExtractor\bin\LineMatchingLib.dir\Release\CL.read.1.tlog
C:\Users\thomai\Documents\MATLAB\slamToolbox\EDLinesExtractor\bin\LineMatchingLib.dir\Release\CL.write.1.tlog
C:\Users\thomai\Documents\MATLAB\slamToolbox\EDLinesExtractor\bin\LineMatchingLib.dir\Release\custombuild.command.1.tlog
C:\Users\thomai\Documents\MATLAB\slamToolbox\EDLinesExtractor\bin\LineMatchingLib.dir\Release\custombuild.read.1.tlog
C:\Users\thomai\Documents\MATLAB\slamToolbox\EDLinesExtractor\bin\LineMatchingLib.dir\Release\custombuild.write.1.tlog
C:\Users\thomai\Documents\MATLAB\slamToolbox\EDLinesExtractor\bin\LineMatchingLib.dir\Release\LineMatchingLib.write.1.tlog
C:\Users\thomai\Documents\MATLAB\slamToolbox\EDLinesExtractor\bin\LineMatchingLib.dir\Release\link-cvtres.read.1.tlog
C:\Users\thomai\Documents\MATLAB\slamToolbox\EDLinesExtractor\bin\LineMatchingLib.dir\Release\link-cvtres.write.1.tlog
C:\Users\thomai\Documents\MATLAB\slamToolbox\EDLinesExtractor\bin\LineMatchingLib.dir\Release\link-rc.read.1.tlog
C:\Users\thomai\Documents\MATLAB\slamToolbox\EDLinesExtractor\bin\LineMatchingLib.dir\Release\link-rc.write.1.tlog
C:\Users\thomai\Documents\MATLAB\slamToolbox\EDLinesExtractor\bin\LineMatchingLib.dir\Release\link.command.1.tlog
C:\Users\thomai\Documents\MATLAB\slamToolbox\EDLinesExtractor\bin\LineMatchingLib.dir\Release\link.read.1.tlog
C:\Users\thomai\Documents\MATLAB\slamToolbox\EDLinesExtractor\bin\LineMatchingLib.dir\Release\link.write.1.tlog
C:\Users\thomai\Documents\MATLAB\slamToolbox\EDLinesExtractor\bin\Release\LineMatchingLib.dll
