Build started 09.06.2015 13:14:53.
     1>Project "C:\Users\thomai\Documents\MATLAB\slamToolbox\CInterface\VSProject\VisualSLAMMigration\VisualSLAMMigration.vcxproj" on node 2 (Build target(s)).
     1>ClCompile:
         C:\Program Files (x86)\Microsoft Visual Studio 11.0\VC\bin\CL.exe /c /I"C:\Program Files\MATLAB\R2014b\extern\include" /IC:\MATLAB\SupportPackages\R2014b\opencvinterface\toolbox\vision\supportpackages\visionopencv\opencv\include /ZI /nologo /W3 /WX- /Od /Oy- /D WIN32 /D _DEBUG /D _CONSOLE /D _UNICODE /D UNICODE /Gm /EHsc /RTC1 /MDd /GS /fp:precise /Zc:wchar_t /Zc:forScope /Fo"Debug\\" /Fd"Debug\vc110.pdb" /Gd /TP /analyze- /errorReport:prompt ..\..\..\EDLinesExtractor\EDLineDetector.cpp ..\..\..\EDLinesExtractor\LineDescriptor.cpp ..\..\..\EDLinesExtractor\mFiles\EDLinesExtractor.cpp ..\..\..\EDLinesExtractor\PairwiseLineMatching.cpp ..\..\..\FrameTransforms\updateFrame_c.cpp ..\..\..\HighLevel\userDataLin.cpp ..\..\PassingStructuresExample.cpp
         PassingStructuresExample.cpp
     1>c:\users\thomai\documents\matlab\slamtoolbox\cinterface\passingstructuresexample.cpp(49): error C2440: '=' : cannot convert from 'void *' to 'mxClassID *'
                 Conversion from 'void*' to pointer to non-'void' requires an explicit cast
     1>c:\users\thomai\documents\matlab\slamtoolbox\cinterface\passingstructuresexample.cpp(84): error C2440: '=' : cannot convert from 'void *' to 'const char **'
                 Conversion from 'void*' to pointer to non-'void' requires an explicit cast
     1>c:\users\thomai\documents\matlab\slamtoolbox\cinterface\passingstructuresexample.cpp(100): error C2440: '=' : cannot convert from 'void *' to 'char *'
                 Conversion from 'void*' to pointer to non-'void' requires an explicit cast
         userDataLin.cpp
     1>c:\users\thomai\documents\matlab\slamtoolbox\highlevel\userdatalin.cpp(12): warning C4200: nonstandard extension used : zero-sized array in struct/union
                 Cannot generate copy-ctor or copy-assignment operator when UDT contains a zero-sized array
     1>c:\users\thomai\documents\matlab\slamtoolbox\highlevel\userdatalin.cpp(13): error C2229: struct 'World' has an illegal zero-sized array
     1>c:\users\thomai\documents\matlab\slamtoolbox\highlevel\userdatalin.cpp(13): warning C4200: nonstandard extension used : zero-sized array in struct/union
                 Cannot generate copy-ctor or copy-assignment operator when UDT contains a zero-sized array
     1>c:\users\thomai\documents\matlab\slamtoolbox\highlevel\userdatalin.cpp(33): error C2146: syntax error : missing ';' before identifier 'skipOuter'
     1>c:\users\thomai\documents\matlab\slamtoolbox\highlevel\userdatalin.cpp(33): error C4430: missing type specifier - int assumed. Note: C++ does not support default-int
     1>c:\users\thomai\documents\matlab\slamtoolbox\highlevel\userdatalin.cpp(48): warning C4200: nonstandard extension used : zero-sized array in struct/union
                 Cannot generate copy-ctor or copy-assignment operator when UDT contains a zero-sized array
     1>c:\users\thomai\documents\matlab\slamtoolbox\highlevel\userdatalin.cpp(49): error C2229: struct 'Sensor' has an illegal zero-sized array
         updateFrame_c.cpp
     1>c:\users\thomai\documents\matlab\slamtoolbox\cinterface\datatypeparsing.hpp(19): warning C4018: '<' : signed/unsigned mismatch
     1>c:\users\thomai\documents\matlab\slamtoolbox\cinterface\datatypeparsing.hpp(20): warning C4018: '<' : signed/unsigned mismatch
     1>c:\users\thomai\documents\matlab\slamtoolbox\frametransforms\updateframe_c.cpp(92): error C2664: 'mxCreateStructArray_730' : cannot convert parameter 2 from 'int [1]' to 'const size_t *'
                 Types pointed to are unrelated; conversion requires reinterpret_cast, C-style cast or function-style cast
         PairwiseLineMatching.cpp
     1>c:\users\thomai\documents\matlab\slamtoolbox\edlinesextractor\pairwiselinematching.cpp(8): fatal error C1083: Cannot open include file: 'PairwiseLineMatching.hh': No such file or directory
         EDLinesExtractor.cpp
     1>c1xx : fatal error C1083: Cannot open source file: '..\..\..\EDLinesExtractor\mFiles\EDLinesExtractor.cpp': No such file or directory
         LineDescriptor.cpp
     1>c:\users\thomai\documents\matlab\slamtoolbox\edlinesextractor\linedescriptor.hpp(73): warning C4042: 'criteria' : has bad storage class
     1>c:\users\thomai\documents\matlab\slamtoolbox\edlinesextractor\linedescriptor.cpp(55): warning C4244: 'return' : conversion from 'double' to 'int', possible loss of data
     1>c:\users\thomai\documents\matlab\slamtoolbox\edlinesextractor\linedescriptor.cpp(63): warning C4244: 'argument' : conversion from 'time_t' to 'unsigned int', possible loss of data
     1>c:\users\thomai\documents\matlab\slamtoolbox\edlinesextractor\linedescriptor.cpp(78): warning C4018: '<' : signed/unsigned mismatch
     1>c:\users\thomai\documents\matlab\slamtoolbox\edlinesextractor\linedescriptor.cpp(80): warning C4244: '=' : conversion from 'double' to 'float', possible loss of data
     1>c:\users\thomai\documents\matlab\slamtoolbox\edlinesextractor\linedescriptor.cpp(87): warning C4018: '<' : signed/unsigned mismatch
     1>c:\users\thomai\documents\matlab\slamtoolbox\edlinesextractor\linedescriptor.cpp(89): warning C4244: '=' : conversion from 'double' to 'float', possible loss of data
     1>c:\users\thomai\documents\matlab\slamtoolbox\edlinesextractor\linedescriptor.cpp(93): warning C4305: '=' : truncation from 'double' to 'float'
     1>c:\users\thomai\documents\matlab\slamtoolbox\edlinesextractor\linedescriptor.cpp(94): warning C4305: '=' : truncation from 'double' to 'float'
     1>c:\users\thomai\documents\matlab\slamtoolbox\edlinesextractor\linedescriptor.cpp(98): warning C4244: 'argument' : conversion from 'time_t' to 'unsigned int', possible loss of data
     1>c:\users\thomai\documents\matlab\slamtoolbox\edlinesextractor\linedescriptor.cpp(113): warning C4018: '<' : signed/unsigned mismatch
     1>c:\users\thomai\documents\matlab\slamtoolbox\edlinesextractor\linedescriptor.cpp(115): warning C4244: '=' : conversion from 'double' to 'float', possible loss of data
     1>c:\users\thomai\documents\matlab\slamtoolbox\edlinesextractor\linedescriptor.cpp(122): warning C4018: '<' : signed/unsigned mismatch
     1>c:\users\thomai\documents\matlab\slamtoolbox\edlinesextractor\linedescriptor.cpp(124): warning C4244: '=' : conversion from 'double' to 'float', possible loss of data
     1>c:\users\thomai\documents\matlab\slamtoolbox\edlinesextractor\linedescriptor.cpp(128): warning C4305: '=' : truncation from 'double' to 'float'
     1>c:\users\thomai\documents\matlab\slamtoolbox\edlinesextractor\linedescriptor.cpp(129): warning C4305: '=' : truncation from 'double' to 'float'
     1>c:\users\thomai\documents\matlab\slamtoolbox\edlinesextractor\linedescriptor.cpp(149): warning C4244: 'initializing' : conversion from 'double' to 'float', possible loss of data
     1>c:\users\thomai\documents\matlab\slamtoolbox\edlinesextractor\linedescriptor.cpp(212): warning C4305: 'initializing' : truncation from 'double' to 'float'
     1>c:\users\thomai\documents\matlab\slamtoolbox\edlinesextractor\linedescriptor.cpp(220): warning C4244: '=' : conversion from 'double' to 'float', possible loss of data
     1>c:\users\thomai\documents\matlab\slamtoolbox\edlinesextractor\linedescriptor.cpp(223): warning C4244: '=' : conversion from 'double' to 'float', possible loss of data
     1>c:\users\thomai\documents\matlab\slamtoolbox\edlinesextractor\linedescriptor.cpp(252): warning C4244: '=' : conversion from 'double' to 'float', possible loss of data
     1>c:\users\thomai\documents\matlab\slamtoolbox\edlinesextractor\linedescriptor.cpp(449): warning C4244: '=' : conversion from 'double' to 'float', possible loss of data
     1>c:\users\thomai\documents\matlab\slamtoolbox\edlinesextractor\linedescriptor.cpp(450): warning C4244: '=' : conversion from 'double' to 'float', possible loss of data
     1>c:\users\thomai\documents\matlab\slamtoolbox\edlinesextractor\linedescriptor.cpp(535): warning C4018: '<' : signed/unsigned mismatch
     1>c:\users\thomai\documents\matlab\slamtoolbox\edlinesextractor\linedescriptor.cpp(555): warning C4244: 'initializing' : conversion from 'double' to 'float', possible loss of data
     1>c:\users\thomai\documents\matlab\slamtoolbox\edlinesextractor\linedescriptor.cpp(556): warning C4244: 'initializing' : conversion from 'double' to 'float', possible loss of data
     1>c:\users\thomai\documents\matlab\slamtoolbox\edlinesextractor\linedescriptor.cpp(558): warning C4018: '<' : signed/unsigned mismatch
     1>c:\users\thomai\documents\matlab\slamtoolbox\edlinesextractor\linedescriptor.cpp(581): warning C4018: '<' : signed/unsigned mismatch
     1>c:\users\thomai\documents\matlab\slamtoolbox\edlinesextractor\linedescriptor.cpp(594): warning C4018: '<' : signed/unsigned mismatch
     1>c:\users\thomai\documents\matlab\slamtoolbox\edlinesextractor\linedescriptor.cpp(611): warning C4305: '=' : truncation from 'double' to 'float'
         EDLineDetector.cpp
     1>c:\users\thomai\documents\matlab\slamtoolbox\edlinesextractor\edlinedetector.cpp(79): warning C4244: '=' : conversion from 'float' to 'short', possible loss of data
     1>c:\users\thomai\documents\matlab\slamtoolbox\edlinesextractor\edlinedetector.cpp(80): warning C4244: '=' : conversion from 'float' to 'unsigned char', possible loss of data
     1>c:\users\thomai\documents\matlab\slamtoolbox\edlinesextractor\edlinedetector.cpp(316): warning C4244: '=' : conversion from 'short' to 'unsigned char', possible loss of data
     1>c:\users\thomai\documents\matlab\slamtoolbox\edlinesextractor\edlinedetector.cpp(317): warning C4244: '=' : conversion from 'short' to 'unsigned char', possible loss of data
     1>c:\users\thomai\documents\matlab\slamtoolbox\edlinesextractor\edlinedetector.cpp(318): warning C4244: '=' : conversion from 'short' to 'unsigned char', possible loss of data
     1>c:\users\thomai\documents\matlab\slamtoolbox\edlinesextractor\edlinedetector.cpp(334): warning C4244: '=' : conversion from 'short' to 'unsigned char', possible loss of data
     1>c:\users\thomai\documents\matlab\slamtoolbox\edlinesextractor\edlinedetector.cpp(335): warning C4244: '=' : conversion from 'short' to 'unsigned char', possible loss of data
     1>c:\users\thomai\documents\matlab\slamtoolbox\edlinesextractor\edlinedetector.cpp(336): warning C4244: '=' : conversion from 'short' to 'unsigned char', possible loss of data
     1>c:\users\thomai\documents\matlab\slamtoolbox\edlinesextractor\edlinedetector.cpp(363): warning C4244: '=' : conversion from 'short' to 'unsigned char', possible loss of data
     1>c:\users\thomai\documents\matlab\slamtoolbox\edlinesextractor\edlinedetector.cpp(364): warning C4244: '=' : conversion from 'short' to 'unsigned char', possible loss of data
     1>c:\users\thomai\documents\matlab\slamtoolbox\edlinesextractor\edlinedetector.cpp(365): warning C4244: '=' : conversion from 'short' to 'unsigned char', possible loss of data
     1>c:\users\thomai\documents\matlab\slamtoolbox\edlinesextractor\edlinedetector.cpp(381): warning C4244: '=' : conversion from 'short' to 'unsigned char', possible loss of data
     1>c:\users\thomai\documents\matlab\slamtoolbox\edlinesextractor\edlinedetector.cpp(382): warning C4244: '=' : conversion from 'short' to 'unsigned char', possible loss of data
     1>c:\users\thomai\documents\matlab\slamtoolbox\edlinesextractor\edlinedetector.cpp(383): warning C4244: '=' : conversion from 'short' to 'unsigned char', possible loss of data
     1>c:\users\thomai\documents\matlab\slamtoolbox\edlinesextractor\edlinedetector.cpp(425): warning C4244: '=' : conversion from 'short' to 'unsigned char', possible loss of data
     1>c:\users\thomai\documents\matlab\slamtoolbox\edlinesextractor\edlinedetector.cpp(426): warning C4244: '=' : conversion from 'short' to 'unsigned char', possible loss of data
     1>c:\users\thomai\documents\matlab\slamtoolbox\edlinesextractor\edlinedetector.cpp(427): warning C4244: '=' : conversion from 'short' to 'unsigned char', possible loss of data
     1>c:\users\thomai\documents\matlab\slamtoolbox\edlinesextractor\edlinedetector.cpp(443): warning C4244: '=' : conversion from 'short' to 'unsigned char', possible loss of data
     1>c:\users\thomai\documents\matlab\slamtoolbox\edlinesextractor\edlinedetector.cpp(444): warning C4244: '=' : conversion from 'short' to 'unsigned char', possible loss of data
     1>c:\users\thomai\documents\matlab\slamtoolbox\edlinesextractor\edlinedetector.cpp(445): warning C4244: '=' : conversion from 'short' to 'unsigned char', possible loss of data
     1>c:\users\thomai\documents\matlab\slamtoolbox\edlinesextractor\edlinedetector.cpp(472): warning C4244: '=' : conversion from 'short' to 'unsigned char', possible loss of data
     1>c:\users\thomai\documents\matlab\slamtoolbox\edlinesextractor\edlinedetector.cpp(473): warning C4244: '=' : conversion from 'short' to 'unsigned char', possible loss of data
     1>c:\users\thomai\documents\matlab\slamtoolbox\edlinesextractor\edlinedetector.cpp(474): warning C4244: '=' : conversion from 'short' to 'unsigned char', possible loss of data
     1>c:\users\thomai\documents\matlab\slamtoolbox\edlinesextractor\edlinedetector.cpp(490): warning C4244: '=' : conversion from 'short' to 'unsigned char', possible loss of data
     1>c:\users\thomai\documents\matlab\slamtoolbox\edlinesextractor\edlinedetector.cpp(491): warning C4244: '=' : conversion from 'short' to 'unsigned char', possible loss of data
     1>c:\users\thomai\documents\matlab\slamtoolbox\edlinesextractor\edlinedetector.cpp(492): warning C4244: '=' : conversion from 'short' to 'unsigned char', possible loss of data
     1>c:\users\thomai\documents\matlab\slamtoolbox\edlinesextractor\edlinedetector.cpp(531): warning C4244: '=' : conversion from 'short' to 'unsigned char', possible loss of data
     1>c:\users\thomai\documents\matlab\slamtoolbox\edlinesextractor\edlinedetector.cpp(532): warning C4244: '=' : conversion from 'short' to 'unsigned char', possible loss of data
     1>c:\users\thomai\documents\matlab\slamtoolbox\edlinesextractor\edlinedetector.cpp(533): warning C4244: '=' : conversion from 'short' to 'unsigned char', possible loss of data
     1>c:\users\thomai\documents\matlab\slamtoolbox\edlinesextractor\edlinedetector.cpp(549): warning C4244: '=' : conversion from 'short' to 'unsigned char', possible loss of data
     1>c:\users\thomai\documents\matlab\slamtoolbox\edlinesextractor\edlinedetector.cpp(550): warning C4244: '=' : conversion from 'short' to 'unsigned char', possible loss of data
     1>c:\users\thomai\documents\matlab\slamtoolbox\edlinesextractor\edlinedetector.cpp(551): warning C4244: '=' : conversion from 'short' to 'unsigned char', possible loss of data
     1>c:\users\thomai\documents\matlab\slamtoolbox\edlinesextractor\edlinedetector.cpp(578): warning C4244: '=' : conversion from 'short' to 'unsigned char', possible loss of data
     1>c:\users\thomai\documents\matlab\slamtoolbox\edlinesextractor\edlinedetector.cpp(579): warning C4244: '=' : conversion from 'short' to 'unsigned char', possible loss of data
     1>c:\users\thomai\documents\matlab\slamtoolbox\edlinesextractor\edlinedetector.cpp(580): warning C4244: '=' : conversion from 'short' to 'unsigned char', possible loss of data
     1>c:\users\thomai\documents\matlab\slamtoolbox\edlinesextractor\edlinedetector.cpp(596): warning C4244: '=' : conversion from 'short' to 'unsigned char', possible loss of data
     1>c:\users\thomai\documents\matlab\slamtoolbox\edlinesextractor\edlinedetector.cpp(597): warning C4244: '=' : conversion from 'short' to 'unsigned char', possible loss of data
     1>c:\users\thomai\documents\matlab\slamtoolbox\edlinesextractor\edlinedetector.cpp(598): warning C4244: '=' : conversion from 'short' to 'unsigned char', possible loss of data
     1>c:\users\thomai\documents\matlab\slamtoolbox\edlinesextractor\edlinedetector.cpp(640): warning C4244: '=' : conversion from 'short' to 'unsigned char', possible loss of data
     1>c:\users\thomai\documents\matlab\slamtoolbox\edlinesextractor\edlinedetector.cpp(641): warning C4244: '=' : conversion from 'short' to 'unsigned char', possible loss of data
     1>c:\users\thomai\documents\matlab\slamtoolbox\edlinesextractor\edlinedetector.cpp(642): warning C4244: '=' : conversion from 'short' to 'unsigned char', possible loss of data
     1>c:\users\thomai\documents\matlab\slamtoolbox\edlinesextractor\edlinedetector.cpp(658): warning C4244: '=' : conversion from 'short' to 'unsigned char', possible loss of data
     1>c:\users\thomai\documents\matlab\slamtoolbox\edlinesextractor\edlinedetector.cpp(659): warning C4244: '=' : conversion from 'short' to 'unsigned char', possible loss of data
     1>c:\users\thomai\documents\matlab\slamtoolbox\edlinesextractor\edlinedetector.cpp(660): warning C4244: '=' : conversion from 'short' to 'unsigned char', possible loss of data
     1>c:\users\thomai\documents\matlab\slamtoolbox\edlinesextractor\edlinedetector.cpp(687): warning C4244: '=' : conversion from 'short' to 'unsigned char', possible loss of data
     1>c:\users\thomai\documents\matlab\slamtoolbox\edlinesextractor\edlinedetector.cpp(688): warning C4244: '=' : conversion from 'short' to 'unsigned char', possible loss of data
     1>c:\users\thomai\documents\matlab\slamtoolbox\edlinesextractor\edlinedetector.cpp(689): warning C4244: '=' : conversion from 'short' to 'unsigned char', possible loss of data
     1>c:\users\thomai\documents\matlab\slamtoolbox\edlinesextractor\edlinedetector.cpp(705): warning C4244: '=' : conversion from 'short' to 'unsigned char', possible loss of data
     1>c:\users\thomai\documents\matlab\slamtoolbox\edlinesextractor\edlinedetector.cpp(706): warning C4244: '=' : conversion from 'short' to 'unsigned char', possible loss of data
     1>c:\users\thomai\documents\matlab\slamtoolbox\edlinesextractor\edlinedetector.cpp(707): warning C4244: '=' : conversion from 'short' to 'unsigned char', possible loss of data
     1>c:\users\thomai\documents\matlab\slamtoolbox\edlinesextractor\edlinedetector.cpp(773): warning C4018: '<' : signed/unsigned mismatch
     1>c:\users\thomai\documents\matlab\slamtoolbox\edlinesextractor\edlinedetector.cpp(924): warning C4244: '=' : conversion from 'double' to 'float', possible loss of data
     1>c:\users\thomai\documents\matlab\slamtoolbox\edlinesextractor\edlinedetector.cpp(925): warning C4244: '=' : conversion from 'double' to 'float', possible loss of data
     1>c:\users\thomai\documents\matlab\slamtoolbox\edlinesextractor\edlinedetector.cpp(928): warning C4244: '=' : conversion from 'double' to 'float', possible loss of data
     1>c:\users\thomai\documents\matlab\slamtoolbox\edlinesextractor\edlinedetector.cpp(929): warning C4244: '=' : conversion from 'double' to 'float', possible loss of data
     1>c:\users\thomai\documents\matlab\slamtoolbox\edlinesextractor\edlinedetector.cpp(991): warning C4244: '=' : conversion from 'double' to 'float', possible loss of data
     1>c:\users\thomai\documents\matlab\slamtoolbox\edlinesextractor\edlinedetector.cpp(992): warning C4244: '=' : conversion from 'double' to 'float', possible loss of data
     1>c:\users\thomai\documents\matlab\slamtoolbox\edlinesextractor\edlinedetector.cpp(995): warning C4244: '=' : conversion from 'double' to 'float', possible loss of data
     1>c:\users\thomai\documents\matlab\slamtoolbox\edlinesextractor\edlinedetector.cpp(996): warning C4244: '=' : conversion from 'double' to 'float', possible loss of data
     1>c:\users\thomai\documents\matlab\slamtoolbox\edlinesextractor\edlinedetector.cpp(1068): warning C4244: '=' : conversion from 'unsigned int' to 'float', possible loss of data
     1>c:\users\thomai\documents\matlab\slamtoolbox\edlinesextractor\edlinedetector.cpp(1069): warning C4244: '=' : conversion from 'unsigned int' to 'float', possible loss of data
     1>c:\users\thomai\documents\matlab\slamtoolbox\edlinesextractor\edlinedetector.cpp(1097): warning C4244: '=' : conversion from 'unsigned int' to 'float', possible loss of data
     1>c:\users\thomai\documents\matlab\slamtoolbox\edlinesextractor\edlinedetector.cpp(1098): warning C4244: '=' : conversion from 'unsigned int' to 'float', possible loss of data
     1>c:\users\thomai\documents\matlab\slamtoolbox\edlinesextractor\edlinedetector.cpp(1151): warning C4244: '=' : conversion from 'unsigned int' to 'float', possible loss of data
     1>c:\users\thomai\documents\matlab\slamtoolbox\edlinesextractor\edlinedetector.cpp(1152): warning C4244: '=' : conversion from 'unsigned int' to 'float', possible loss of data
     1>c:\users\thomai\documents\matlab\slamtoolbox\edlinesextractor\edlinedetector.cpp(1182): warning C4244: '=' : conversion from 'unsigned int' to 'float', possible loss of data
     1>c:\users\thomai\documents\matlab\slamtoolbox\edlinesextractor\edlinedetector.cpp(1183): warning C4244: '=' : conversion from 'unsigned int' to 'float', possible loss of data
     1>c:\users\thomai\documents\matlab\slamtoolbox\edlinesextractor\edlinedetector.cpp(1233): warning C4244: '=' : conversion from 'double' to 'float', possible loss of data
     1>c:\users\thomai\documents\matlab\slamtoolbox\edlinesextractor\edlinedetector.cpp(1236): warning C4244: '=' : conversion from 'double' to 'float', possible loss of data
     1>c:\users\thomai\documents\matlab\slamtoolbox\edlinesextractor\edlinedetector.cpp(1239): warning C4244: '=' : conversion from 'double' to 'float', possible loss of data
     1>c:\users\thomai\documents\matlab\slamtoolbox\edlinesextractor\edlinedetector.cpp(1242): warning C4244: '=' : conversion from 'double' to 'float', possible loss of data
         Generating Code...
     1>c:\users\thomai\documents\matlab\slamtoolbox\edlinesextractor\linedescriptor.cpp(720): warning C4715: 'LineDescriptor::MatchLineByDescriptor' : not all control paths return a value
     1>Done Building Project "C:\Users\thomai\Documents\MATLAB\slamToolbox\CInterface\VSProject\VisualSLAMMigration\VisualSLAMMigration.vcxproj" (Build target(s)) -- FAILED.

Build FAILED.

Time Elapsed 00:00:04.90
