Build started 02.06.2015 15:25:02.
     1>Project "C:\Users\thomai\Documents\MATLAB\slamToolbox\EDLinesExtractor\bin\LineMatchingLib.vcxproj" on node 2 (Rebuild target(s)).
     1>CustomBuild:
         Building Custom Rule C:/Users/thomai/Downloads/LBD_Descriptor-master/LBD_Descriptor-master/CMakeLists.txt
         CMake does not need to re-run because C:\Users\thomai\Documents\MATLAB\slamToolbox\EDLinesExtractor\bin\CMakeFiles\generate.stamp is up-to-date.
       ClCompile:
         C:\Program Files (x86)\Microsoft Visual Studio 11.0\VC\bin\x86_amd64\CL.exe /c /IC:\Users\thomai\Documents\opencv_2_4_11\build\include /Zi /nologo /W3 /WX- /Od /Ob0 /D WIN32 /D _WINDOWS /D _DEBUG /D "CMAKE_INTDIR=\"Debug\"" /D LineMatchingLib_EXPORTS /D _MBCS /Gm- /EHsc /RTC1 /MDd /GS /fp:precise /Zc:wchar_t /Zc:forScope /GR /Fo"LineMatchingLib.dir\Debug\\" /Fd"LineMatchingLib.dir\Debug\vc110.pdb" /Gd /TP /errorReport:prompt  -std=c++11 -O3 "C:\Users\thomai\Downloads\LBD_Descriptor-master\LBD_Descriptor-master\LineDescriptor.cpp" "C:\Users\thomai\Downloads\LBD_Descriptor-master\LBD_Descriptor-master\EDLineDetector.cpp"
     1>cl : Command line warning D9002: ignoring unknown option '-std=c++11'
     1>cl : Command line warning D9002: ignoring unknown option '-O3'
         LineDescriptor.cpp
     1>C:\Users\thomai\Downloads\LBD_Descriptor-master\LBD_Descriptor-master\LineDescriptor.cpp(55): warning C4244: 'return' : conversion from 'double' to 'int', possible loss of data
     1>C:\Users\thomai\Downloads\LBD_Descriptor-master\LBD_Descriptor-master\LineDescriptor.cpp(63): warning C4244: 'argument' : conversion from 'time_t' to 'unsigned int', possible loss of data
     1>C:\Users\thomai\Downloads\LBD_Descriptor-master\LBD_Descriptor-master\LineDescriptor.cpp(78): warning C4018: '<' : signed/unsigned mismatch
     1>C:\Users\thomai\Downloads\LBD_Descriptor-master\LBD_Descriptor-master\LineDescriptor.cpp(80): warning C4244: '=' : conversion from 'double' to 'float', possible loss of data
     1>C:\Users\thomai\Downloads\LBD_Descriptor-master\LBD_Descriptor-master\LineDescriptor.cpp(87): warning C4018: '<' : signed/unsigned mismatch
     1>C:\Users\thomai\Downloads\LBD_Descriptor-master\LBD_Descriptor-master\LineDescriptor.cpp(89): warning C4244: '=' : conversion from 'double' to 'float', possible loss of data
     1>C:\Users\thomai\Downloads\LBD_Descriptor-master\LBD_Descriptor-master\LineDescriptor.cpp(93): warning C4305: '=' : truncation from 'double' to 'float'
     1>C:\Users\thomai\Downloads\LBD_Descriptor-master\LBD_Descriptor-master\LineDescriptor.cpp(94): warning C4305: '=' : truncation from 'double' to 'float'
     1>C:\Users\thomai\Downloads\LBD_Descriptor-master\LBD_Descriptor-master\LineDescriptor.cpp(98): warning C4244: 'argument' : conversion from 'time_t' to 'unsigned int', possible loss of data
     1>C:\Users\thomai\Downloads\LBD_Descriptor-master\LBD_Descriptor-master\LineDescriptor.cpp(113): warning C4018: '<' : signed/unsigned mismatch
     1>C:\Users\thomai\Downloads\LBD_Descriptor-master\LBD_Descriptor-master\LineDescriptor.cpp(115): warning C4244: '=' : conversion from 'double' to 'float', possible loss of data
     1>C:\Users\thomai\Downloads\LBD_Descriptor-master\LBD_Descriptor-master\LineDescriptor.cpp(122): warning C4018: '<' : signed/unsigned mismatch
     1>C:\Users\thomai\Downloads\LBD_Descriptor-master\LBD_Descriptor-master\LineDescriptor.cpp(124): warning C4244: '=' : conversion from 'double' to 'float', possible loss of data
     1>C:\Users\thomai\Downloads\LBD_Descriptor-master\LBD_Descriptor-master\LineDescriptor.cpp(128): warning C4305: '=' : truncation from 'double' to 'float'
     1>C:\Users\thomai\Downloads\LBD_Descriptor-master\LBD_Descriptor-master\LineDescriptor.cpp(129): warning C4305: '=' : truncation from 'double' to 'float'
     1>C:\Users\thomai\Downloads\LBD_Descriptor-master\LBD_Descriptor-master\LineDescriptor.cpp(149): warning C4244: 'initializing' : conversion from 'double' to 'float', possible loss of data
     1>C:\Users\thomai\Downloads\LBD_Descriptor-master\LBD_Descriptor-master\LineDescriptor.cpp(212): warning C4305: 'initializing' : truncation from 'double' to 'float'
     1>C:\Users\thomai\Downloads\LBD_Descriptor-master\LBD_Descriptor-master\LineDescriptor.cpp(220): warning C4244: '=' : conversion from 'double' to 'float', possible loss of data
     1>C:\Users\thomai\Downloads\LBD_Descriptor-master\LBD_Descriptor-master\LineDescriptor.cpp(223): warning C4244: '=' : conversion from 'double' to 'float', possible loss of data
     1>C:\Users\thomai\Downloads\LBD_Descriptor-master\LBD_Descriptor-master\LineDescriptor.cpp(252): warning C4244: '=' : conversion from 'double' to 'float', possible loss of data
     1>C:\Users\thomai\Downloads\LBD_Descriptor-master\LBD_Descriptor-master\LineDescriptor.cpp(386): warning C4267: 'initializing' : conversion from 'size_t' to 'short', possible loss of data
     1>C:\Users\thomai\Downloads\LBD_Descriptor-master\LBD_Descriptor-master\LineDescriptor.cpp(409): warning C4267: 'initializing' : conversion from 'size_t' to 'short', possible loss of data
     1>C:\Users\thomai\Downloads\LBD_Descriptor-master\LBD_Descriptor-master\LineDescriptor.cpp(429): warning C4267: '=' : conversion from 'size_t' to 'short', possible loss of data
     1>C:\Users\thomai\Downloads\LBD_Descriptor-master\LBD_Descriptor-master\LineDescriptor.cpp(449): warning C4244: '=' : conversion from 'double' to 'float', possible loss of data
     1>C:\Users\thomai\Downloads\LBD_Descriptor-master\LBD_Descriptor-master\LineDescriptor.cpp(450): warning C4244: '=' : conversion from 'double' to 'float', possible loss of data
     1>C:\Users\thomai\Downloads\LBD_Descriptor-master\LBD_Descriptor-master\LineDescriptor.cpp(535): warning C4018: '<' : signed/unsigned mismatch
     1>C:\Users\thomai\Downloads\LBD_Descriptor-master\LBD_Descriptor-master\LineDescriptor.cpp(555): warning C4244: 'initializing' : conversion from 'double' to 'float', possible loss of data
     1>C:\Users\thomai\Downloads\LBD_Descriptor-master\LBD_Descriptor-master\LineDescriptor.cpp(556): warning C4244: 'initializing' : conversion from 'double' to 'float', possible loss of data
     1>C:\Users\thomai\Downloads\LBD_Descriptor-master\LBD_Descriptor-master\LineDescriptor.cpp(558): warning C4018: '<' : signed/unsigned mismatch
     1>C:\Users\thomai\Downloads\LBD_Descriptor-master\LBD_Descriptor-master\LineDescriptor.cpp(581): warning C4018: '<' : signed/unsigned mismatch
     1>C:\Users\thomai\Downloads\LBD_Descriptor-master\LBD_Descriptor-master\LineDescriptor.cpp(594): warning C4018: '<' : signed/unsigned mismatch
     1>C:\Users\thomai\Downloads\LBD_Descriptor-master\LBD_Descriptor-master\LineDescriptor.cpp(611): warning C4305: '=' : truncation from 'double' to 'float'
     1>C:\Users\thomai\Downloads\LBD_Descriptor-master\LBD_Descriptor-master\LineDescriptor.cpp(676): warning C4267: 'initializing' : conversion from 'size_t' to 'int', possible loss of data
     1>C:\Users\thomai\Downloads\LBD_Descriptor-master\LBD_Descriptor-master\LineDescriptor.cpp(677): warning C4267: 'initializing' : conversion from 'size_t' to 'int', possible loss of data
     1>C:\Users\thomai\Downloads\LBD_Descriptor-master\LBD_Descriptor-master\LineDescriptor.cpp(685): warning C4267: 'initializing' : conversion from 'size_t' to 'int', possible loss of data
     1>C:\Users\thomai\Downloads\LBD_Descriptor-master\LBD_Descriptor-master\LineDescriptor.cpp(691): warning C4267: 'initializing' : conversion from 'size_t' to 'short', possible loss of data
     1>C:\Users\thomai\Downloads\LBD_Descriptor-master\LBD_Descriptor-master\LineDescriptor.cpp(696): warning C4267: 'initializing' : conversion from 'size_t' to 'short', possible loss of data
         EDLineDetector.cpp
     1>C:\Users\thomai\Downloads\LBD_Descriptor-master\LBD_Descriptor-master\EDLineDetector.cpp(79): warning C4244: '=' : conversion from 'float' to 'short', possible loss of data
     1>C:\Users\thomai\Downloads\LBD_Descriptor-master\LBD_Descriptor-master\EDLineDetector.cpp(80): warning C4244: '=' : conversion from 'float' to 'unsigned char', possible loss of data
     1>C:\Users\thomai\Downloads\LBD_Descriptor-master\LBD_Descriptor-master\EDLineDetector.cpp(316): warning C4244: '=' : conversion from 'short' to 'unsigned char', possible loss of data
     1>C:\Users\thomai\Downloads\LBD_Descriptor-master\LBD_Descriptor-master\EDLineDetector.cpp(317): warning C4244: '=' : conversion from 'short' to 'unsigned char', possible loss of data
     1>C:\Users\thomai\Downloads\LBD_Descriptor-master\LBD_Descriptor-master\EDLineDetector.cpp(318): warning C4244: '=' : conversion from 'short' to 'unsigned char', possible loss of data
     1>C:\Users\thomai\Downloads\LBD_Descriptor-master\LBD_Descriptor-master\EDLineDetector.cpp(334): warning C4244: '=' : conversion from 'short' to 'unsigned char', possible loss of data
     1>C:\Users\thomai\Downloads\LBD_Descriptor-master\LBD_Descriptor-master\EDLineDetector.cpp(335): warning C4244: '=' : conversion from 'short' to 'unsigned char', possible loss of data
     1>C:\Users\thomai\Downloads\LBD_Descriptor-master\LBD_Descriptor-master\EDLineDetector.cpp(336): warning C4244: '=' : conversion from 'short' to 'unsigned char', possible loss of data
     1>C:\Users\thomai\Downloads\LBD_Descriptor-master\LBD_Descriptor-master\EDLineDetector.cpp(363): warning C4244: '=' : conversion from 'short' to 'unsigned char', possible loss of data
     1>C:\Users\thomai\Downloads\LBD_Descriptor-master\LBD_Descriptor-master\EDLineDetector.cpp(364): warning C4244: '=' : conversion from 'short' to 'unsigned char', possible loss of data
     1>C:\Users\thomai\Downloads\LBD_Descriptor-master\LBD_Descriptor-master\EDLineDetector.cpp(365): warning C4244: '=' : conversion from 'short' to 'unsigned char', possible loss of data
     1>C:\Users\thomai\Downloads\LBD_Descriptor-master\LBD_Descriptor-master\EDLineDetector.cpp(381): warning C4244: '=' : conversion from 'short' to 'unsigned char', possible loss of data
     1>C:\Users\thomai\Downloads\LBD_Descriptor-master\LBD_Descriptor-master\EDLineDetector.cpp(382): warning C4244: '=' : conversion from 'short' to 'unsigned char', possible loss of data
     1>C:\Users\thomai\Downloads\LBD_Descriptor-master\LBD_Descriptor-master\EDLineDetector.cpp(383): warning C4244: '=' : conversion from 'short' to 'unsigned char', possible loss of data
     1>C:\Users\thomai\Downloads\LBD_Descriptor-master\LBD_Descriptor-master\EDLineDetector.cpp(425): warning C4244: '=' : conversion from 'short' to 'unsigned char', possible loss of data
     1>C:\Users\thomai\Downloads\LBD_Descriptor-master\LBD_Descriptor-master\EDLineDetector.cpp(426): warning C4244: '=' : conversion from 'short' to 'unsigned char', possible loss of data
     1>C:\Users\thomai\Downloads\LBD_Descriptor-master\LBD_Descriptor-master\EDLineDetector.cpp(427): warning C4244: '=' : conversion from 'short' to 'unsigned char', possible loss of data
     1>C:\Users\thomai\Downloads\LBD_Descriptor-master\LBD_Descriptor-master\EDLineDetector.cpp(443): warning C4244: '=' : conversion from 'short' to 'unsigned char', possible loss of data
     1>C:\Users\thomai\Downloads\LBD_Descriptor-master\LBD_Descriptor-master\EDLineDetector.cpp(444): warning C4244: '=' : conversion from 'short' to 'unsigned char', possible loss of data
     1>C:\Users\thomai\Downloads\LBD_Descriptor-master\LBD_Descriptor-master\EDLineDetector.cpp(445): warning C4244: '=' : conversion from 'short' to 'unsigned char', possible loss of data
     1>C:\Users\thomai\Downloads\LBD_Descriptor-master\LBD_Descriptor-master\EDLineDetector.cpp(472): warning C4244: '=' : conversion from 'short' to 'unsigned char', possible loss of data
     1>C:\Users\thomai\Downloads\LBD_Descriptor-master\LBD_Descriptor-master\EDLineDetector.cpp(473): warning C4244: '=' : conversion from 'short' to 'unsigned char', possible loss of data
     1>C:\Users\thomai\Downloads\LBD_Descriptor-master\LBD_Descriptor-master\EDLineDetector.cpp(474): warning C4244: '=' : conversion from 'short' to 'unsigned char', possible loss of data
     1>C:\Users\thomai\Downloads\LBD_Descriptor-master\LBD_Descriptor-master\EDLineDetector.cpp(490): warning C4244: '=' : conversion from 'short' to 'unsigned char', possible loss of data
     1>C:\Users\thomai\Downloads\LBD_Descriptor-master\LBD_Descriptor-master\EDLineDetector.cpp(491): warning C4244: '=' : conversion from 'short' to 'unsigned char', possible loss of data
     1>C:\Users\thomai\Downloads\LBD_Descriptor-master\LBD_Descriptor-master\EDLineDetector.cpp(492): warning C4244: '=' : conversion from 'short' to 'unsigned char', possible loss of data
     1>C:\Users\thomai\Downloads\LBD_Descriptor-master\LBD_Descriptor-master\EDLineDetector.cpp(531): warning C4244: '=' : conversion from 'short' to 'unsigned char', possible loss of data
     1>C:\Users\thomai\Downloads\LBD_Descriptor-master\LBD_Descriptor-master\EDLineDetector.cpp(532): warning C4244: '=' : conversion from 'short' to 'unsigned char', possible loss of data
     1>C:\Users\thomai\Downloads\LBD_Descriptor-master\LBD_Descriptor-master\EDLineDetector.cpp(533): warning C4244: '=' : conversion from 'short' to 'unsigned char', possible loss of data
     1>C:\Users\thomai\Downloads\LBD_Descriptor-master\LBD_Descriptor-master\EDLineDetector.cpp(549): warning C4244: '=' : conversion from 'short' to 'unsigned char', possible loss of data
     1>C:\Users\thomai\Downloads\LBD_Descriptor-master\LBD_Descriptor-master\EDLineDetector.cpp(550): warning C4244: '=' : conversion from 'short' to 'unsigned char', possible loss of data
     1>C:\Users\thomai\Downloads\LBD_Descriptor-master\LBD_Descriptor-master\EDLineDetector.cpp(551): warning C4244: '=' : conversion from 'short' to 'unsigned char', possible loss of data
     1>C:\Users\thomai\Downloads\LBD_Descriptor-master\LBD_Descriptor-master\EDLineDetector.cpp(578): warning C4244: '=' : conversion from 'short' to 'unsigned char', possible loss of data
     1>C:\Users\thomai\Downloads\LBD_Descriptor-master\LBD_Descriptor-master\EDLineDetector.cpp(579): warning C4244: '=' : conversion from 'short' to 'unsigned char', possible loss of data
     1>C:\Users\thomai\Downloads\LBD_Descriptor-master\LBD_Descriptor-master\EDLineDetector.cpp(580): warning C4244: '=' : conversion from 'short' to 'unsigned char', possible loss of data
     1>C:\Users\thomai\Downloads\LBD_Descriptor-master\LBD_Descriptor-master\EDLineDetector.cpp(596): warning C4244: '=' : conversion from 'short' to 'unsigned char', possible loss of data
     1>C:\Users\thomai\Downloads\LBD_Descriptor-master\LBD_Descriptor-master\EDLineDetector.cpp(597): warning C4244: '=' : conversion from 'short' to 'unsigned char', possible loss of data
     1>C:\Users\thomai\Downloads\LBD_Descriptor-master\LBD_Descriptor-master\EDLineDetector.cpp(598): warning C4244: '=' : conversion from 'short' to 'unsigned char', possible loss of data
     1>C:\Users\thomai\Downloads\LBD_Descriptor-master\LBD_Descriptor-master\EDLineDetector.cpp(640): warning C4244: '=' : conversion from 'short' to 'unsigned char', possible loss of data
     1>C:\Users\thomai\Downloads\LBD_Descriptor-master\LBD_Descriptor-master\EDLineDetector.cpp(641): warning C4244: '=' : conversion from 'short' to 'unsigned char', possible loss of data
     1>C:\Users\thomai\Downloads\LBD_Descriptor-master\LBD_Descriptor-master\EDLineDetector.cpp(642): warning C4244: '=' : conversion from 'short' to 'unsigned char', possible loss of data
     1>C:\Users\thomai\Downloads\LBD_Descriptor-master\LBD_Descriptor-master\EDLineDetector.cpp(658): warning C4244: '=' : conversion from 'short' to 'unsigned char', possible loss of data
     1>C:\Users\thomai\Downloads\LBD_Descriptor-master\LBD_Descriptor-master\EDLineDetector.cpp(659): warning C4244: '=' : conversion from 'short' to 'unsigned char', possible loss of data
     1>C:\Users\thomai\Downloads\LBD_Descriptor-master\LBD_Descriptor-master\EDLineDetector.cpp(660): warning C4244: '=' : conversion from 'short' to 'unsigned char', possible loss of data
     1>C:\Users\thomai\Downloads\LBD_Descriptor-master\LBD_Descriptor-master\EDLineDetector.cpp(687): warning C4244: '=' : conversion from 'short' to 'unsigned char', possible loss of data
     1>C:\Users\thomai\Downloads\LBD_Descriptor-master\LBD_Descriptor-master\EDLineDetector.cpp(688): warning C4244: '=' : conversion from 'short' to 'unsigned char', possible loss of data
     1>C:\Users\thomai\Downloads\LBD_Descriptor-master\LBD_Descriptor-master\EDLineDetector.cpp(689): warning C4244: '=' : conversion from 'short' to 'unsigned char', possible loss of data
     1>C:\Users\thomai\Downloads\LBD_Descriptor-master\LBD_Descriptor-master\EDLineDetector.cpp(705): warning C4244: '=' : conversion from 'short' to 'unsigned char', possible loss of data
     1>C:\Users\thomai\Downloads\LBD_Descriptor-master\LBD_Descriptor-master\EDLineDetector.cpp(706): warning C4244: '=' : conversion from 'short' to 'unsigned char', possible loss of data
     1>C:\Users\thomai\Downloads\LBD_Descriptor-master\LBD_Descriptor-master\EDLineDetector.cpp(707): warning C4244: '=' : conversion from 'short' to 'unsigned char', possible loss of data
     1>C:\Users\thomai\Downloads\LBD_Descriptor-master\LBD_Descriptor-master\EDLineDetector.cpp(773): warning C4018: '<' : signed/unsigned mismatch
     1>C:\Users\thomai\Downloads\LBD_Descriptor-master\LBD_Descriptor-master\EDLineDetector.cpp(924): warning C4244: '=' : conversion from 'double' to 'float', possible loss of data
     1>C:\Users\thomai\Downloads\LBD_Descriptor-master\LBD_Descriptor-master\EDLineDetector.cpp(925): warning C4244: '=' : conversion from 'double' to 'float', possible loss of data
     1>C:\Users\thomai\Downloads\LBD_Descriptor-master\LBD_Descriptor-master\EDLineDetector.cpp(928): warning C4244: '=' : conversion from 'double' to 'float', possible loss of data
     1>C:\Users\thomai\Downloads\LBD_Descriptor-master\LBD_Descriptor-master\EDLineDetector.cpp(929): warning C4244: '=' : conversion from 'double' to 'float', possible loss of data
     1>C:\Users\thomai\Downloads\LBD_Descriptor-master\LBD_Descriptor-master\EDLineDetector.cpp(991): warning C4244: '=' : conversion from 'double' to 'float', possible loss of data
     1>C:\Users\thomai\Downloads\LBD_Descriptor-master\LBD_Descriptor-master\EDLineDetector.cpp(992): warning C4244: '=' : conversion from 'double' to 'float', possible loss of data
     1>C:\Users\thomai\Downloads\LBD_Descriptor-master\LBD_Descriptor-master\EDLineDetector.cpp(995): warning C4244: '=' : conversion from 'double' to 'float', possible loss of data
     1>C:\Users\thomai\Downloads\LBD_Descriptor-master\LBD_Descriptor-master\EDLineDetector.cpp(996): warning C4244: '=' : conversion from 'double' to 'float', possible loss of data
     1>C:\Users\thomai\Downloads\LBD_Descriptor-master\LBD_Descriptor-master\EDLineDetector.cpp(1068): warning C4244: '=' : conversion from 'unsigned int' to 'float', possible loss of data
     1>C:\Users\thomai\Downloads\LBD_Descriptor-master\LBD_Descriptor-master\EDLineDetector.cpp(1069): warning C4244: '=' : conversion from 'unsigned int' to 'float', possible loss of data
     1>C:\Users\thomai\Downloads\LBD_Descriptor-master\LBD_Descriptor-master\EDLineDetector.cpp(1097): warning C4244: '=' : conversion from 'unsigned int' to 'float', possible loss of data
     1>C:\Users\thomai\Downloads\LBD_Descriptor-master\LBD_Descriptor-master\EDLineDetector.cpp(1098): warning C4244: '=' : conversion from 'unsigned int' to 'float', possible loss of data
     1>C:\Users\thomai\Downloads\LBD_Descriptor-master\LBD_Descriptor-master\EDLineDetector.cpp(1151): warning C4244: '=' : conversion from 'unsigned int' to 'float', possible loss of data
     1>C:\Users\thomai\Downloads\LBD_Descriptor-master\LBD_Descriptor-master\EDLineDetector.cpp(1152): warning C4244: '=' : conversion from 'unsigned int' to 'float', possible loss of data
     1>C:\Users\thomai\Downloads\LBD_Descriptor-master\LBD_Descriptor-master\EDLineDetector.cpp(1182): warning C4244: '=' : conversion from 'unsigned int' to 'float', possible loss of data
     1>C:\Users\thomai\Downloads\LBD_Descriptor-master\LBD_Descriptor-master\EDLineDetector.cpp(1183): warning C4244: '=' : conversion from 'unsigned int' to 'float', possible loss of data
     1>C:\Users\thomai\Downloads\LBD_Descriptor-master\LBD_Descriptor-master\EDLineDetector.cpp(1233): warning C4244: '=' : conversion from 'double' to 'float', possible loss of data
     1>C:\Users\thomai\Downloads\LBD_Descriptor-master\LBD_Descriptor-master\EDLineDetector.cpp(1236): warning C4244: '=' : conversion from 'double' to 'float', possible loss of data
     1>C:\Users\thomai\Downloads\LBD_Descriptor-master\LBD_Descriptor-master\EDLineDetector.cpp(1239): warning C4244: '=' : conversion from 'double' to 'float', possible loss of data
     1>C:\Users\thomai\Downloads\LBD_Descriptor-master\LBD_Descriptor-master\EDLineDetector.cpp(1242): warning C4244: '=' : conversion from 'double' to 'float', possible loss of data
         Generating Code...
     1>c:\users\thomai\downloads\lbd_descriptor-master\lbd_descriptor-master\linedescriptor.cpp(720): warning C4715: 'LineDescriptor::MatchLineByDescriptor' : not all control paths return a value
       Lib:
         C:\Program Files (x86)\Microsoft Visual Studio 11.0\VC\bin\x86_amd64\Lib.exe /OUT:"C:\Users\thomai\Documents\MATLAB\slamToolbox\EDLinesExtractor\bin\Debug\LineMatchingLib.lib" /NOLOGO /MACHINE:X64 LineMatchingLib.dir\Debug\LineDescriptor.obj
         LineMatchingLib.dir\Debug\EDLineDetector.obj
         LineMatchingLib.vcxproj -> C:\Users\thomai\Documents\MATLAB\slamToolbox\EDLinesExtractor\bin\Debug\LineMatchingLib.lib
     1>Done Building Project "C:\Users\thomai\Documents\MATLAB\slamToolbox\EDLinesExtractor\bin\LineMatchingLib.vcxproj" (Rebuild target(s)).

Build succeeded.

Time Elapsed 00:00:02.11
