C:\USERS\THOMAI\DOCUMENTS\MATLAB\SLAMTOOLBOX\EDLINESEXTRACTOR\BIN\LINEMATCHINGLIB.DIR\DEBUG\EDLINEDETECTOR.OBJ
C:\USERS\THOMAI\DOCUMENTS\MATLAB\SLAMTOOLBOX\EDLINESEXTRACTOR\BIN\LINEMATCHINGLIB.DIR\DEBUG\LINEDESCRIPTOR.OBJ
C:\USERS\THOMAI\DOCUMENTS\MATLAB\SLAMTOOLBOX\EDLINESEXTRACTOR\BIN\LINEMATCHINGLIB.DIR\DEBUG\VC110.PDB
C:\USERS\THOMAI\DOCUMENTS\MATLAB\SLAMTOOLBOX\EDLINESEXTRACTOR\BIN\CMAKEFILES\GENERATE.STAMP
C:\Users\thomai\Documents\MATLAB\slamToolbox\EDLinesExtractor\bin\Debug\LineMatchingLib.lib
C:\Users\thomai\Documents\MATLAB\slamToolbox\EDLinesExtractor\bin\Debug\LineMatchingLib.exp
C:\USERS\THOMAI\DOCUMENTS\MATLAB\SLAMTOOLBOX\EDLINESEXTRACTOR\BIN\DEBUG\LINEMATCHINGLIB.ILK
C:\USERS\THOMAI\DOCUMENTS\MATLAB\SLAMTOOLBOX\EDLINESEXTRACTOR\BIN\DEBUG\LINEMATCHINGLIB.DLL
C:\USERS\THOMAI\DOCUMENTS\MATLAB\SLAMTOOLBOX\EDLINESEXTRACTOR\BIN\DEBUG\LINEMATCHINGLIB.PDB
C:\Users\thomai\Documents\MATLAB\slamToolbox\EDLinesExtractor\bin\LineMatchingLib.dir\Debug\EDLineDetector.obj
C:\Users\thomai\Documents\MATLAB\slamToolbox\EDLinesExtractor\bin\LineMatchingLib.dir\Debug\LineDescriptor.obj
C:\Users\thomai\Documents\MATLAB\slamToolbox\EDLinesExtractor\bin\LineMatchingLib.dir\Debug\cl.command.1.tlog
C:\Users\thomai\Documents\MATLAB\slamToolbox\EDLinesExtractor\bin\LineMatchingLib.dir\Debug\CL.read.1.tlog
C:\Users\thomai\Documents\MATLAB\slamToolbox\EDLinesExtractor\bin\LineMatchingLib.dir\Debug\CL.write.1.tlog
C:\Users\thomai\Documents\MATLAB\slamToolbox\EDLinesExtractor\bin\LineMatchingLib.dir\Debug\custombuild.command.1.tlog
C:\Users\thomai\Documents\MATLAB\slamToolbox\EDLinesExtractor\bin\LineMatchingLib.dir\Debug\custombuild.read.1.tlog
C:\Users\thomai\Documents\MATLAB\slamToolbox\EDLinesExtractor\bin\LineMatchingLib.dir\Debug\custombuild.write.1.tlog
C:\Users\thomai\Documents\MATLAB\slamToolbox\EDLinesExtractor\bin\LineMatchingLib.dir\Debug\LineMatchingLib.write.1.tlog
C:\Users\thomai\Documents\MATLAB\slamToolbox\EDLinesExtractor\bin\LineMatchingLib.dir\Debug\link-cvtres.read.1.tlog
C:\Users\thomai\Documents\MATLAB\slamToolbox\EDLinesExtractor\bin\LineMatchingLib.dir\Debug\link-cvtres.write.1.tlog
C:\Users\thomai\Documents\MATLAB\slamToolbox\EDLinesExtractor\bin\LineMatchingLib.dir\Debug\link-rc.read.1.tlog
C:\Users\thomai\Documents\MATLAB\slamToolbox\EDLinesExtractor\bin\LineMatchingLib.dir\Debug\link-rc.write.1.tlog
C:\Users\thomai\Documents\MATLAB\slamToolbox\EDLinesExtractor\bin\LineMatchingLib.dir\Debug\link.command.1.tlog
C:\Users\thomai\Documents\MATLAB\slamToolbox\EDLinesExtractor\bin\LineMatchingLib.dir\Debug\link.read.1.tlog
C:\Users\thomai\Documents\MATLAB\slamToolbox\EDLinesExtractor\bin\LineMatchingLib.dir\Debug\link.write.1.tlog
C:\Users\thomai\Documents\MATLAB\slamToolbox\EDLinesExtractor\bin\LineMatchingLib.dir\Debug\vc110.pdb
C:\Users\thomai\Documents\MATLAB\slamToolbox\EDLinesExtractor\bin\Debug\LineMatchingLib.pdb
C:\Users\thomai\Documents\MATLAB\slamToolbox\EDLinesExtractor\bin\Debug\LineMatchingLib.ilk
